{"/Users/annaus/Desktop/3_course/2_semester/Управління IT-проєктами/typing-speed-app/js/paragraph.js": {"path":"/Users/annaus/Desktop/3_course/2_semester/Управління IT-проєктами/typing-speed-app/js/paragraph.js","statementMap":{"0":{"start":{"line":1,"column":19},"end":{"line":9,"column":1}},"1":{"start":{"line":11,"column":0},"end":{"line":11,"column":32}}},"fnMap":{},"branchMap":{},"s":{"0":1,"1":1},"f":{},"b":{},"_coverageSchema":"1a1c01bbd47fc00a2c39e90264f33305004495a9","hash":"37a26df360d03713a9f58a37f1015dc4a77c1aab"}
,"/Users/annaus/Desktop/3_course/2_semester/Управління IT-проєктами/typing-speed-app/js/script.js": {"path":"/Users/annaus/Desktop/3_course/2_semester/Управління IT-проєктами/typing-speed-app/js/script.js","statementMap":{"0":{"start":{"line":1,"column":19},"end":{"line":1,"column":59}},"1":{"start":{"line":2,"column":11},"end":{"line":2,"column":58}},"2":{"start":{"line":3,"column":11},"end":{"line":3,"column":49}},"3":{"start":{"line":4,"column":13},"end":{"line":4,"column":53}},"4":{"start":{"line":5,"column":0},"end":{"line":7,"column":47}},"5":{"start":{"line":11,"column":0},"end":{"line":15,"column":1}},"6":{"start":{"line":12,"column":4},"end":{"line":12,"column":56}},"7":{"start":{"line":14,"column":4},"end":{"line":14,"column":40}},"8":{"start":{"line":18,"column":20},"end":{"line":18,"column":22}},"9":{"start":{"line":18,"column":35},"end":{"line":18,"column":42}},"10":{"start":{"line":19,"column":12},"end":{"line":19,"column":35}},"11":{"start":{"line":22,"column":5},"end":{"line":22,"column":29}},"12":{"start":{"line":22,"column":22},"end":{"line":22,"column":29}},"13":{"start":{"line":23,"column":21},"end":{"line":23,"column":66}},"14":{"start":{"line":24,"column":5},"end":{"line":24,"column":31}},"15":{"start":{"line":25,"column":5},"end":{"line":28,"column":8}},"16":{"start":{"line":26,"column":23},"end":{"line":26,"column":45}},"17":{"start":{"line":27,"column":9},"end":{"line":27,"column":41}},"18":{"start":{"line":29,"column":5},"end":{"line":29,"column":68}},"19":{"start":{"line":31,"column":4},"end":{"line":31,"column":65}},"20":{"start":{"line":31,"column":47},"end":{"line":31,"column":63}},"21":{"start":{"line":32,"column":4},"end":{"line":32,"column":65}},"22":{"start":{"line":32,"column":47},"end":{"line":32,"column":63}},"23":{"start":{"line":37,"column":23},"end":{"line":37,"column":58}},"24":{"start":{"line":38,"column":20},"end":{"line":38,"column":55}},"25":{"start":{"line":39,"column":4},"end":{"line":74,"column":5}},"26":{"start":{"line":40,"column":6},"end":{"line":43,"column":7}},"27":{"start":{"line":41,"column":8},"end":{"line":41,"column":45}},"28":{"start":{"line":42,"column":8},"end":{"line":42,"column":24}},"29":{"start":{"line":44,"column":6},"end":{"line":62,"column":7}},"30":{"start":{"line":45,"column":10},"end":{"line":45,"column":22}},"31":{"start":{"line":46,"column":9},"end":{"line":48,"column":10}},"32":{"start":{"line":47,"column":10},"end":{"line":47,"column":21}},"33":{"start":{"line":49,"column":10},"end":{"line":49,"column":72}},"34":{"start":{"line":52,"column":8},"end":{"line":60,"column":6}},"35":{"start":{"line":54,"column":11},"end":{"line":54,"column":58}},"36":{"start":{"line":57,"column":8},"end":{"line":57,"column":19}},"37":{"start":{"line":58,"column":11},"end":{"line":58,"column":60}},"38":{"start":{"line":61,"column":2},"end":{"line":61,"column":14}},"39":{"start":{"line":63,"column":2},"end":{"line":63,"column":62}},"40":{"start":{"line":63,"column":29},"end":{"line":63,"column":60}},"41":{"start":{"line":64,"column":2},"end":{"line":64,"column":48}},"42":{"start":{"line":66,"column":12},"end":{"line":66,"column":81}},"43":{"start":{"line":67,"column":2},"end":{"line":67,"column":54}},"44":{"start":{"line":68,"column":2},"end":{"line":68,"column":34}},"45":{"start":{"line":69,"column":2},"end":{"line":69,"column":25}},"46":{"start":{"line":70,"column":2},"end":{"line":70,"column":42}},"47":{"start":{"line":72,"column":6},"end":{"line":72,"column":26}},"48":{"start":{"line":73,"column":8},"end":{"line":73,"column":29}},"49":{"start":{"line":78,"column":2},"end":{"line":84,"column":3}},"50":{"start":{"line":79,"column":4},"end":{"line":79,"column":15}},"51":{"start":{"line":80,"column":4},"end":{"line":80,"column":33}},"52":{"start":{"line":83,"column":4},"end":{"line":83,"column":25}},"53":{"start":{"line":88,"column":2},"end":{"line":88,"column":20}},"54":{"start":{"line":89,"column":2},"end":{"line":89,"column":22}},"55":{"start":{"line":90,"column":8},"end":{"line":90,"column":29}},"56":{"start":{"line":91,"column":2},"end":{"line":92,"column":38}},"57":{"start":{"line":93,"column":2},"end":{"line":93,"column":31}},"58":{"start":{"line":94,"column":2},"end":{"line":94,"column":34}},"59":{"start":{"line":95,"column":2},"end":{"line":95,"column":23}},"60":{"start":{"line":96,"column":2},"end":{"line":96,"column":23}},"61":{"start":{"line":99,"column":0},"end":{"line":99,"column":18}},"62":{"start":{"line":100,"column":0},"end":{"line":102,"column":1}},"63":{"start":{"line":101,"column":2},"end":{"line":101,"column":49}},"64":{"start":{"line":103,"column":0},"end":{"line":105,"column":1}},"65":{"start":{"line":104,"column":2},"end":{"line":104,"column":51}},"66":{"start":{"line":108,"column":19},"end":{"line":108,"column":37}},"67":{"start":{"line":109,"column":2},"end":{"line":109,"column":32}},"68":{"start":{"line":109,"column":23},"end":{"line":109,"column":32}},"69":{"start":{"line":110,"column":12},"end":{"line":110,"column":72}},"70":{"start":{"line":111,"column":2},"end":{"line":111,"column":55}},"71":{"start":{"line":115,"column":12},"end":{"line":115,"column":32}},"72":{"start":{"line":116,"column":2},"end":{"line":116,"column":27}},"73":{"start":{"line":120,"column":2},"end":{"line":120,"column":59}},"74":{"start":{"line":124,"column":0},"end":{"line":126,"column":1}},"75":{"start":{"line":125,"column":2},"end":{"line":125,"column":66}}},"fnMap":{"0":{"name":"randomParagraph","decl":{"start":{"line":21,"column":9},"end":{"line":21,"column":24}},"loc":{"start":{"line":21,"column":27},"end":{"line":34,"column":1}},"line":21},"1":{"name":"(anonymous_1)","decl":{"start":{"line":25,"column":45},"end":{"line":25,"column":46}},"loc":{"start":{"line":25,"column":53},"end":{"line":28,"column":6}},"line":25},"2":{"name":"(anonymous_2)","decl":{"start":{"line":31,"column":41},"end":{"line":31,"column":42}},"loc":{"start":{"line":31,"column":47},"end":{"line":31,"column":63}},"line":31},"3":{"name":"(anonymous_3)","decl":{"start":{"line":32,"column":41},"end":{"line":32,"column":42}},"loc":{"start":{"line":32,"column":47},"end":{"line":32,"column":63}},"line":32},"4":{"name":"initTyping","decl":{"start":{"line":36,"column":11},"end":{"line":36,"column":21}},"loc":{"start":{"line":36,"column":24},"end":{"line":75,"column":2}},"line":36},"5":{"name":"(anonymous_5)","decl":{"start":{"line":63,"column":21},"end":{"line":63,"column":22}},"loc":{"start":{"line":63,"column":29},"end":{"line":63,"column":60}},"line":63},"6":{"name":"initTimer","decl":{"start":{"line":77,"column":10},"end":{"line":77,"column":19}},"loc":{"start":{"line":77,"column":22},"end":{"line":85,"column":2}},"line":77},"7":{"name":"resetGame","decl":{"start":{"line":87,"column":10},"end":{"line":87,"column":19}},"loc":{"start":{"line":87,"column":21},"end":{"line":97,"column":2}},"line":87},"8":{"name":"calculateWPM","decl":{"start":{"line":107,"column":9},"end":{"line":107,"column":21}},"loc":{"start":{"line":107,"column":62},"end":{"line":112,"column":1}},"line":107},"9":{"name":"calculateCPM","decl":{"start":{"line":114,"column":9},"end":{"line":114,"column":21}},"loc":{"start":{"line":114,"column":43},"end":{"line":117,"column":1}},"line":114},"10":{"name":"updateMistakes","decl":{"start":{"line":119,"column":9},"end":{"line":119,"column":23}},"loc":{"start":{"line":119,"column":52},"end":{"line":121,"column":1}},"line":119}},"branchMap":{"0":{"loc":{"start":{"line":11,"column":0},"end":{"line":15,"column":1}},"type":"if","locations":[{"start":{"line":11,"column":0},"end":{"line":15,"column":1}},{"start":{"line":13,"column":7},"end":{"line":15,"column":1}}],"line":11},"1":{"loc":{"start":{"line":11,"column":4},"end":{"line":11,"column":67}},"type":"binary-expr","locations":[{"start":{"line":11,"column":4},"end":{"line":11,"column":33}},{"start":{"line":11,"column":37},"end":{"line":11,"column":67}}],"line":11},"2":{"loc":{"start":{"line":22,"column":5},"end":{"line":22,"column":29}},"type":"if","locations":[{"start":{"line":22,"column":5},"end":{"line":22,"column":29}},{"start":{},"end":{}}],"line":22},"3":{"loc":{"start":{"line":39,"column":4},"end":{"line":74,"column":5}},"type":"if","locations":[{"start":{"line":39,"column":4},"end":{"line":74,"column":5}},{"start":{"line":71,"column":9},"end":{"line":74,"column":5}}],"line":39},"4":{"loc":{"start":{"line":39,"column":7},"end":{"line":39,"column":55}},"type":"binary-expr","locations":[{"start":{"line":39,"column":7},"end":{"line":39,"column":38}},{"start":{"line":39,"column":43},"end":{"line":39,"column":55}}],"line":39},"5":{"loc":{"start":{"line":40,"column":6},"end":{"line":43,"column":7}},"type":"if","locations":[{"start":{"line":40,"column":6},"end":{"line":43,"column":7}},{"start":{},"end":{}}],"line":40},"6":{"loc":{"start":{"line":44,"column":6},"end":{"line":62,"column":7}},"type":"if","locations":[{"start":{"line":44,"column":6},"end":{"line":62,"column":7}},{"start":{"line":50,"column":12},"end":{"line":62,"column":7}}],"line":44},"7":{"loc":{"start":{"line":46,"column":9},"end":{"line":48,"column":10}},"type":"if","locations":[{"start":{"line":46,"column":9},"end":{"line":48,"column":10}},{"start":{},"end":{}}],"line":46},"8":{"loc":{"start":{"line":52,"column":8},"end":{"line":60,"column":6}},"type":"if","locations":[{"start":{"line":52,"column":8},"end":{"line":60,"column":6}},{"start":{"line":56,"column":11},"end":{"line":60,"column":6}}],"line":52},"9":{"loc":{"start":{"line":67,"column":8},"end":{"line":67,"column":53}},"type":"cond-expr","locations":[{"start":{"line":67,"column":46},"end":{"line":67,"column":47}},{"start":{"line":67,"column":50},"end":{"line":67,"column":53}}],"line":67},"10":{"loc":{"start":{"line":67,"column":8},"end":{"line":67,"column":43}},"type":"binary-expr","locations":[{"start":{"line":67,"column":8},"end":{"line":67,"column":15}},{"start":{"line":67,"column":19},"end":{"line":67,"column":23}},{"start":{"line":67,"column":27},"end":{"line":67,"column":43}}],"line":67},"11":{"loc":{"start":{"line":78,"column":2},"end":{"line":84,"column":3}},"type":"if","locations":[{"start":{"line":78,"column":2},"end":{"line":84,"column":3}},{"start":{"line":82,"column":6},"end":{"line":84,"column":3}}],"line":78},"12":{"loc":{"start":{"line":100,"column":0},"end":{"line":102,"column":1}},"type":"if","locations":[{"start":{"line":100,"column":0},"end":{"line":102,"column":1}},{"start":{},"end":{}}],"line":100},"13":{"loc":{"start":{"line":103,"column":0},"end":{"line":105,"column":1}},"type":"if","locations":[{"start":{"line":103,"column":0},"end":{"line":105,"column":1}},{"start":{},"end":{}}],"line":103},"14":{"loc":{"start":{"line":109,"column":2},"end":{"line":109,"column":32}},"type":"if","locations":[{"start":{"line":109,"column":2},"end":{"line":109,"column":32}},{"start":{},"end":{}}],"line":109},"15":{"loc":{"start":{"line":111,"column":9},"end":{"line":111,"column":54}},"type":"cond-expr","locations":[{"start":{"line":111,"column":47},"end":{"line":111,"column":48}},{"start":{"line":111,"column":51},"end":{"line":111,"column":54}}],"line":111},"16":{"loc":{"start":{"line":111,"column":9},"end":{"line":111,"column":44}},"type":"binary-expr","locations":[{"start":{"line":111,"column":9},"end":{"line":111,"column":16}},{"start":{"line":111,"column":20},"end":{"line":111,"column":24}},{"start":{"line":111,"column":28},"end":{"line":111,"column":44}}],"line":111},"17":{"loc":{"start":{"line":116,"column":9},"end":{"line":116,"column":26}},"type":"cond-expr","locations":[{"start":{"line":116,"column":19},"end":{"line":116,"column":20}},{"start":{"line":116,"column":23},"end":{"line":116,"column":26}}],"line":116},"18":{"loc":{"start":{"line":120,"column":9},"end":{"line":120,"column":58}},"type":"cond-expr","locations":[{"start":{"line":120,"column":21},"end":{"line":120,"column":36}},{"start":{"line":120,"column":39},"end":{"line":120,"column":58}}],"line":120},"19":{"loc":{"start":{"line":124,"column":0},"end":{"line":126,"column":1}},"type":"if","locations":[{"start":{"line":124,"column":0},"end":{"line":126,"column":1}},{"start":{},"end":{}}],"line":124}},"s":{"0":1,"1":1,"2":1,"3":1,"4":1,"5":1,"6":1,"7":0,"8":1,"9":1,"10":1,"11":1,"12":1,"13":0,"14":0,"15":0,"16":0,"17":0,"18":0,"19":0,"20":0,"21":0,"22":0,"23":0,"24":0,"25":0,"26":0,"27":0,"28":0,"29":0,"30":0,"31":0,"32":0,"33":0,"34":0,"35":0,"36":0,"37":0,"38":0,"39":0,"40":0,"41":0,"42":0,"43":0,"44":0,"45":0,"46":0,"47":0,"48":0,"49":0,"50":0,"51":0,"52":0,"53":0,"54":0,"55":0,"56":0,"57":0,"58":0,"59":0,"60":0,"61":1,"62":1,"63":0,"64":1,"65":0,"66":3,"67":3,"68":1,"69":2,"70":2,"71":2,"72":2,"73":2,"74":1,"75":1},"f":{"0":1,"1":0,"2":0,"3":0,"4":0,"5":0,"6":0,"7":0,"8":3,"9":2,"10":2},"b":{"0":[1,0],"1":[1,1],"2":[1,0],"3":[0,0],"4":[0,0],"5":[0,0],"6":[0,0],"7":[0,0],"8":[0,0],"9":[0,0],"10":[0,0,0],"11":[0,0],"12":[0,1],"13":[0,1],"14":[1,2],"15":[1,1],"16":[2,1,1],"17":[1,1],"18":[1,1],"19":[1,0]},"_coverageSchema":"1a1c01bbd47fc00a2c39e90264f33305004495a9","hash":"44cfa7f4ed01bed0cb11389eb7c71dc20d2e321f"}
}
