TN:
SF:js/paragraph.js
FNF:0
FNH:0
DA:1,1
DA:11,1
LF:2
LH:2
BRF:0
BRH:0
end_of_record
TN:
SF:js/script.js
FN:21,randomParagraph
FN:25,(anonymous_1)
FN:31,(anonymous_2)
FN:32,(anonymous_3)
FN:36,initTyping
FN:63,(anonymous_5)
FN:77,initTimer
FN:87,resetGame
FN:107,calculateWPM
FN:114,calculateCPM
FN:119,updateMistakes
FNF:11
FNH:4
FNDA:1,randomParagraph
FNDA:0,(anonymous_1)
FNDA:0,(anonymous_2)
FNDA:0,(anonymous_3)
FNDA:0,initTyping
FNDA:0,(anonymous_5)
FNDA:0,initTimer
FNDA:0,resetGame
FNDA:3,calculateWPM
FNDA:2,calculateCPM
FNDA:2,updateMistakes
DA:1,1
DA:2,1
DA:3,1
DA:4,1
DA:5,1
DA:11,1
DA:12,1
DA:14,0
DA:18,1
DA:19,1
DA:22,1
DA:23,0
DA:24,0
DA:25,0
DA:26,0
DA:27,0
DA:29,0
DA:31,0
DA:32,0
DA:37,0
DA:38,0
DA:39,0
DA:40,0
DA:41,0
DA:42,0
DA:44,0
DA:45,0
DA:46,0
DA:47,0
DA:49,0
DA:52,0
DA:54,0
DA:57,0
DA:58,0
DA:61,0
DA:63,0
DA:64,0
DA:66,0
DA:67,0
DA:68,0
DA:69,0
DA:70,0
DA:72,0
DA:73,0
DA:78,0
DA:79,0
DA:80,0
DA:83,0
DA:88,0
DA:89,0
DA:90,0
DA:91,0
DA:93,0
DA:94,0
DA:95,0
DA:96,0
DA:99,1
DA:100,1
DA:101,0
DA:103,1
DA:104,0
DA:108,3
DA:109,3
DA:110,2
DA:111,2
DA:115,2
DA:116,2
DA:120,2
DA:124,1
DA:125,1
LF:70
LH:22
BRDA:11,0,0,1
BRDA:11,0,1,0
BRDA:11,1,0,1
BRDA:11,1,1,1
BRDA:22,2,0,1
BRDA:22,2,1,0
BRDA:39,3,0,0
BRDA:39,3,1,0
BRDA:39,4,0,0
BRDA:39,4,1,0
BRDA:40,5,0,0
BRDA:40,5,1,0
BRDA:44,6,0,0
BRDA:44,6,1,0
BRDA:46,7,0,0
BRDA:46,7,1,0
BRDA:52,8,0,0
BRDA:52,8,1,0
BRDA:67,9,0,0
BRDA:67,9,1,0
BRDA:67,10,0,0
BRDA:67,10,1,0
BRDA:67,10,2,0
BRDA:78,11,0,0
BRDA:78,11,1,0
BRDA:100,12,0,0
BRDA:100,12,1,1
BRDA:103,13,0,0
BRDA:103,13,1,1
BRDA:109,14,0,1
BRDA:109,14,1,2
BRDA:111,15,0,1
BRDA:111,15,1,1
BRDA:111,16,0,2
BRDA:111,16,1,1
BRDA:111,16,2,1
BRDA:116,17,0,1
BRDA:116,17,1,1
BRDA:120,18,0,1
BRDA:120,18,1,1
BRDA:124,19,0,1
BRDA:124,19,1,0
BRF:42
BRH:18
end_of_record
